<?xml version="1.0" encoding="UTF-8"?>
<!-- Generated by org.testng.reporters.JUnitXMLReporter -->
<testsuite ignored="0" hostname="TABLET-REDS9MBG" failures="4" tests="22" name="Surefire test" time="17.161" errors="0" timestamp="2025-07-21T23:22:02 IST">
  <testcase classname="ecom.Tests.cartTest" name="testAddItemToCart" time="0.007"/>
  <testcase classname="ecom.Tests.cartTest" name="testCartIsEmpty" time="0.001"/>
  <testcase classname="ecom.Tests.cartTest" name="testCartItemCount" time="0.0"/>
  <testcase classname="ecom.Tests.cartTest" name="testCartTotalCalculation" time="0.008"/>
  <testcase classname="ecom.Tests.cartTest" name="testRemoveItemFromCart" time="0.001"/>
  <testcase classname="ecom.Tests.LoginTest" name="invalidLogin" time="0.001"/>
  <testcase classname="ecom.Tests.LoginTest" name="invalidLogin2" time="0.021"/>
  <testcase classname="ecom.Tests.LoginTest" name="invalidLogin3" time="0.0"/>
  <testcase classname="ecom.Tests.LoginTest" name="validLogin" time="0.011"/>
  <testcase classname="ecom.Tests.LoginTest" name="validLogin2" time="0.004"/>
  <testcase classname="ecom.Tests.LoginTest" name="validLogin3" time="0.001"/>
  <testcase classname="ecom.Tests.productsTest" name="testAddProductToWishlist" time="0.012">
    <failure type="java.lang.AssertionError" message="expected [21] but found [20]">
      <![CDATA[java.lang.AssertionError: expected [21] but found [20]
at ecom.Tests.productsTest.testAddProductToWishlist(productsTest.java:35)
at java.base/java.util.ArrayList.forEach(ArrayList.java:1511)
... Removed 37 stack frames]]>
    </failure>
  </testcase> <!-- testAddProductToWishlist -->
  <testcase classname="ecom.Tests.productsTest" name="testFilterProducts" time="0.0">
    <failure type="java.lang.AssertionError" message="expected [41] but found [40]">
      <![CDATA[java.lang.AssertionError: expected [41] but found [40]
at ecom.Tests.productsTest.testFilterProducts(productsTest.java:45)
at java.base/java.util.ArrayList.forEach(ArrayList.java:1511)
... Removed 37 stack frames]]>
    </failure>
  </testcase> <!-- testFilterProducts -->
  <testcase classname="ecom.Tests.productsTest" name="testSearchProduct" time="0.0">
    <failure type="java.lang.AssertionError" message="expected [10] but found [30]">
      <![CDATA[java.lang.AssertionError: expected [10] but found [30]
at ecom.Tests.productsTest.testSearchProduct(productsTest.java:40)
at java.base/java.util.ArrayList.forEach(ArrayList.java:1511)
... Removed 37 stack frames]]>
    </failure>
  </testcase> <!-- testSearchProduct -->
  <testcase classname="ecom.Tests.productsTest" name="testSortProducts" time="0.001"/>
  <testcase classname="ecom.Tests.productsTest" name="testViewProductDetails" time="0.0">
    <failure type="java.lang.AssertionError" message="expected [4] but found [10]">
      <![CDATA[java.lang.AssertionError: expected [4] but found [10]
at ecom.Tests.productsTest.testViewProductDetails(productsTest.java:30)
at java.base/java.util.ArrayList.forEach(ArrayList.java:1511)
... Removed 37 stack frames]]>
    </failure>
  </testcase> <!-- testViewProductDetails -->
  <testcase classname="ecom.Tests.RegistrationTest" name="validReg" time="0.0"/>
  <testcase classname="ecom.Tests.RegistrationTest" name="validReg2" time="0.001"/>
  <testcase classname="ecom.Tests.RegistrationTest" name="validReg3" time="0.0"/>
  <testcase classname="ecom.Tests.RegistrationTest" name="validReg4" time="0.001"/>
  <testcase classname="ecom.Tests.RegistrationTest" name="validReg5" time="0.001"/>
  <testcase classname="ecom.Tests.RegistrationTest" name="validReg6" time="0.0"/>
</testsuite> <!-- Surefire test -->
