<?xml version="1.0" encoding="UTF-8"?>
<testng-results ignored="0" total="22" passed="18" failed="4" skipped="0">
  <reporter-output>
  </reporter-output>
  <suite started-at="2025-07-21T23:21:45 IST" name="Surefire suite" finished-at="2025-07-21T23:22:02 IST" duration-ms="17161">
    <groups>
    </groups>
    <test started-at="2025-07-21T23:21:45 IST" name="Surefire test" finished-at="2025-07-21T23:22:02 IST" duration-ms="17161">
      <class name="ecom.Tests.productsTest">
        <test-method is-config="true" signature="setUp()[pri:0, instance:ecom.Tests.productsTest@1a04f701]" started-at="2025-07-21T23:21:56 IST" name="setUp" finished-at="2025-07-21T23:21:58 IST" duration-ms="2447" status="PASS">
          <reporter-output>
          </reporter-output>
        </test-method> <!-- setUp -->
        <test-method is-config="true" signature="navigate()[pri:0, instance:ecom.Tests.productsTest@1a04f701]" started-at="2025-07-21T23:21:58 IST" name="navigate" finished-at="2025-07-21T23:21:58 IST" duration-ms="2" status="PASS">
          <reporter-output>
          </reporter-output>
        </test-method> <!-- navigate -->
        <test-method signature="testAddProductToWishlist()[pri:0, instance:ecom.Tests.productsTest@1a04f701]" started-at="2025-07-21T23:21:58 IST" name="testAddProductToWishlist" finished-at="2025-07-21T23:21:58 IST" duration-ms="12" status="FAIL">
          <exception class="java.lang.AssertionError">
            <message>
              <![CDATA[expected [21] but found [20]]]>
            </message>
            <full-stacktrace>
              <![CDATA[java.lang.AssertionError: expected [21] but found [20]
at org.testng.Assert.fail(Assert.java:111)
at org.testng.Assert.failNotEquals(Assert.java:1578)
at org.testng.Assert.assertEqualsImpl(Assert.java:150)
at org.testng.Assert.assertEquals(Assert.java:132)
at org.testng.Assert.assertEquals(Assert.java:1419)
at org.testng.Assert.assertEquals(Assert.java:1383)
at org.testng.Assert.assertEquals(Assert.java:1429)
at ecom.Tests.productsTest.testAddProductToWishlist(productsTest.java:35)
at java.base/jdk.internal.reflect.DirectMethodHandleAccessor.invoke(DirectMethodHandleAccessor.java:104)
at java.base/java.lang.reflect.Method.invoke(Method.java:578)
at org.testng.internal.invokers.MethodInvocationHelper.invokeMethod(MethodInvocationHelper.java:141)
at org.testng.internal.invokers.TestInvoker.invokeMethod(TestInvoker.java:686)
at org.testng.internal.invokers.TestInvoker.invokeTestMethod(TestInvoker.java:230)
at org.testng.internal.invokers.MethodRunner.runInSequence(MethodRunner.java:63)
at org.testng.internal.invokers.TestInvoker$MethodInvocationAgent.invoke(TestInvoker.java:992)
at org.testng.internal.invokers.TestInvoker.invokeTestMethods(TestInvoker.java:203)
at org.testng.internal.invokers.TestMethodWorker.invokeTestMethods(TestMethodWorker.java:154)
at org.testng.internal.invokers.TestMethodWorker.run(TestMethodWorker.java:134)
at java.base/java.util.ArrayList.forEach(ArrayList.java:1511)
at org.testng.TestRunner.privateRun(TestRunner.java:739)
at org.testng.TestRunner.run(TestRunner.java:614)
at org.testng.SuiteRunner.runTest(SuiteRunner.java:421)
at org.testng.SuiteRunner.runSequentially(SuiteRunner.java:413)
at org.testng.SuiteRunner.privateRun(SuiteRunner.java:373)
at org.testng.SuiteRunner.run(SuiteRunner.java:312)
at org.testng.SuiteRunnerWorker.runSuite(SuiteRunnerWorker.java:52)
at org.testng.SuiteRunnerWorker.run(SuiteRunnerWorker.java:95)
at org.testng.TestNG.runSuitesSequentially(TestNG.java:1274)
at org.testng.TestNG.runSuitesLocally(TestNG.java:1208)
at org.testng.TestNG.runSuites(TestNG.java:1112)
at org.testng.TestNG.run(TestNG.java:1079)
at org.apache.maven.surefire.testng.TestNGExecutor.run(TestNGExecutor.java:135)
at org.apache.maven.surefire.testng.TestNGDirectoryTestSuite.executeMulti(TestNGDirectoryTestSuite.java:193)
at org.apache.maven.surefire.testng.TestNGDirectoryTestSuite.execute(TestNGDirectoryTestSuite.java:94)
at org.apache.maven.surefire.testng.TestNGProvider.invoke(TestNGProvider.java:146)
at org.apache.maven.surefire.booter.ForkedBooter.invokeProviderInSameClassLoader(ForkedBooter.java:384)
at org.apache.maven.surefire.booter.ForkedBooter.runSuitesInProcess(ForkedBooter.java:345)
at org.apache.maven.surefire.booter.ForkedBooter.execute(ForkedBooter.java:126)
at org.apache.maven.surefire.booter.ForkedBooter.main(ForkedBooter.java:418)
]]>
            </full-stacktrace>
          </exception> <!-- java.lang.AssertionError -->
          <reporter-output>
          </reporter-output>
        </test-method> <!-- testAddProductToWishlist -->
        <test-method signature="testFilterProducts()[pri:0, instance:ecom.Tests.productsTest@1a04f701]" started-at="2025-07-21T23:21:58 IST" name="testFilterProducts" finished-at="2025-07-21T23:21:58 IST" duration-ms="0" status="FAIL">
          <exception class="java.lang.AssertionError">
            <message>
              <![CDATA[expected [41] but found [40]]]>
            </message>
            <full-stacktrace>
              <![CDATA[java.lang.AssertionError: expected [41] but found [40]
at org.testng.Assert.fail(Assert.java:111)
at org.testng.Assert.failNotEquals(Assert.java:1578)
at org.testng.Assert.assertEqualsImpl(Assert.java:150)
at org.testng.Assert.assertEquals(Assert.java:132)
at org.testng.Assert.assertEquals(Assert.java:1419)
at org.testng.Assert.assertEquals(Assert.java:1383)
at org.testng.Assert.assertEquals(Assert.java:1429)
at ecom.Tests.productsTest.testFilterProducts(productsTest.java:45)
at java.base/jdk.internal.reflect.DirectMethodHandleAccessor.invoke(DirectMethodHandleAccessor.java:104)
at java.base/java.lang.reflect.Method.invoke(Method.java:578)
at org.testng.internal.invokers.MethodInvocationHelper.invokeMethod(MethodInvocationHelper.java:141)
at org.testng.internal.invokers.TestInvoker.invokeMethod(TestInvoker.java:686)
at org.testng.internal.invokers.TestInvoker.invokeTestMethod(TestInvoker.java:230)
at org.testng.internal.invokers.MethodRunner.runInSequence(MethodRunner.java:63)
at org.testng.internal.invokers.TestInvoker$MethodInvocationAgent.invoke(TestInvoker.java:992)
at org.testng.internal.invokers.TestInvoker.invokeTestMethods(TestInvoker.java:203)
at org.testng.internal.invokers.TestMethodWorker.invokeTestMethods(TestMethodWorker.java:154)
at org.testng.internal.invokers.TestMethodWorker.run(TestMethodWorker.java:134)
at java.base/java.util.ArrayList.forEach(ArrayList.java:1511)
at org.testng.TestRunner.privateRun(TestRunner.java:739)
at org.testng.TestRunner.run(TestRunner.java:614)
at org.testng.SuiteRunner.runTest(SuiteRunner.java:421)
at org.testng.SuiteRunner.runSequentially(SuiteRunner.java:413)
at org.testng.SuiteRunner.privateRun(SuiteRunner.java:373)
at org.testng.SuiteRunner.run(SuiteRunner.java:312)
at org.testng.SuiteRunnerWorker.runSuite(SuiteRunnerWorker.java:52)
at org.testng.SuiteRunnerWorker.run(SuiteRunnerWorker.java:95)
at org.testng.TestNG.runSuitesSequentially(TestNG.java:1274)
at org.testng.TestNG.runSuitesLocally(TestNG.java:1208)
at org.testng.TestNG.runSuites(TestNG.java:1112)
at org.testng.TestNG.run(TestNG.java:1079)
at org.apache.maven.surefire.testng.TestNGExecutor.run(TestNGExecutor.java:135)
at org.apache.maven.surefire.testng.TestNGDirectoryTestSuite.executeMulti(TestNGDirectoryTestSuite.java:193)
at org.apache.maven.surefire.testng.TestNGDirectoryTestSuite.execute(TestNGDirectoryTestSuite.java:94)
at org.apache.maven.surefire.testng.TestNGProvider.invoke(TestNGProvider.java:146)
at org.apache.maven.surefire.booter.ForkedBooter.invokeProviderInSameClassLoader(ForkedBooter.java:384)
at org.apache.maven.surefire.booter.ForkedBooter.runSuitesInProcess(ForkedBooter.java:345)
at org.apache.maven.surefire.booter.ForkedBooter.execute(ForkedBooter.java:126)
at org.apache.maven.surefire.booter.ForkedBooter.main(ForkedBooter.java:418)
]]>
            </full-stacktrace>
          </exception> <!-- java.lang.AssertionError -->
          <reporter-output>
          </reporter-output>
        </test-method> <!-- testFilterProducts -->
        <test-method is-config="true" signature="navigate()[pri:0, instance:ecom.Tests.productsTest@1a04f701]" started-at="2025-07-21T23:21:58 IST" name="navigate" finished-at="2025-07-21T23:21:58 IST" duration-ms="0" status="PASS">
          <reporter-output>
          </reporter-output>
        </test-method> <!-- navigate -->
        <test-method is-config="true" signature="navigate()[pri:0, instance:ecom.Tests.productsTest@1a04f701]" started-at="2025-07-21T23:21:58 IST" name="navigate" finished-at="2025-07-21T23:21:58 IST" duration-ms="2" status="PASS">
          <reporter-output>
          </reporter-output>
        </test-method> <!-- navigate -->
        <test-method signature="testSearchProduct()[pri:0, instance:ecom.Tests.productsTest@1a04f701]" started-at="2025-07-21T23:21:58 IST" name="testSearchProduct" finished-at="2025-07-21T23:21:58 IST" duration-ms="0" status="FAIL">
          <exception class="java.lang.AssertionError">
            <message>
              <![CDATA[expected [10] but found [30]]]>
            </message>
            <full-stacktrace>
              <![CDATA[java.lang.AssertionError: expected [10] but found [30]
at org.testng.Assert.fail(Assert.java:111)
at org.testng.Assert.failNotEquals(Assert.java:1578)
at org.testng.Assert.assertEqualsImpl(Assert.java:150)
at org.testng.Assert.assertEquals(Assert.java:132)
at org.testng.Assert.assertEquals(Assert.java:1419)
at org.testng.Assert.assertEquals(Assert.java:1383)
at org.testng.Assert.assertEquals(Assert.java:1429)
at ecom.Tests.productsTest.testSearchProduct(productsTest.java:40)
at java.base/jdk.internal.reflect.DirectMethodHandleAccessor.invoke(DirectMethodHandleAccessor.java:104)
at java.base/java.lang.reflect.Method.invoke(Method.java:578)
at org.testng.internal.invokers.MethodInvocationHelper.invokeMethod(MethodInvocationHelper.java:141)
at org.testng.internal.invokers.TestInvoker.invokeMethod(TestInvoker.java:686)
at org.testng.internal.invokers.TestInvoker.invokeTestMethod(TestInvoker.java:230)
at org.testng.internal.invokers.MethodRunner.runInSequence(MethodRunner.java:63)
at org.testng.internal.invokers.TestInvoker$MethodInvocationAgent.invoke(TestInvoker.java:992)
at org.testng.internal.invokers.TestInvoker.invokeTestMethods(TestInvoker.java:203)
at org.testng.internal.invokers.TestMethodWorker.invokeTestMethods(TestMethodWorker.java:154)
at org.testng.internal.invokers.TestMethodWorker.run(TestMethodWorker.java:134)
at java.base/java.util.ArrayList.forEach(ArrayList.java:1511)
at org.testng.TestRunner.privateRun(TestRunner.java:739)
at org.testng.TestRunner.run(TestRunner.java:614)
at org.testng.SuiteRunner.runTest(SuiteRunner.java:421)
at org.testng.SuiteRunner.runSequentially(SuiteRunner.java:413)
at org.testng.SuiteRunner.privateRun(SuiteRunner.java:373)
at org.testng.SuiteRunner.run(SuiteRunner.java:312)
at org.testng.SuiteRunnerWorker.runSuite(SuiteRunnerWorker.java:52)
at org.testng.SuiteRunnerWorker.run(SuiteRunnerWorker.java:95)
at org.testng.TestNG.runSuitesSequentially(TestNG.java:1274)
at org.testng.TestNG.runSuitesLocally(TestNG.java:1208)
at org.testng.TestNG.runSuites(TestNG.java:1112)
at org.testng.TestNG.run(TestNG.java:1079)
at org.apache.maven.surefire.testng.TestNGExecutor.run(TestNGExecutor.java:135)
at org.apache.maven.surefire.testng.TestNGDirectoryTestSuite.executeMulti(TestNGDirectoryTestSuite.java:193)
at org.apache.maven.surefire.testng.TestNGDirectoryTestSuite.execute(TestNGDirectoryTestSuite.java:94)
at org.apache.maven.surefire.testng.TestNGProvider.invoke(TestNGProvider.java:146)
at org.apache.maven.surefire.booter.ForkedBooter.invokeProviderInSameClassLoader(ForkedBooter.java:384)
at org.apache.maven.surefire.booter.ForkedBooter.runSuitesInProcess(ForkedBooter.java:345)
at org.apache.maven.surefire.booter.ForkedBooter.execute(ForkedBooter.java:126)
at org.apache.maven.surefire.booter.ForkedBooter.main(ForkedBooter.java:418)
]]>
            </full-stacktrace>
          </exception> <!-- java.lang.AssertionError -->
          <reporter-output>
          </reporter-output>
        </test-method> <!-- testSearchProduct -->
        <test-method is-config="true" signature="navigate()[pri:0, instance:ecom.Tests.productsTest@1a04f701]" started-at="2025-07-21T23:21:58 IST" name="navigate" finished-at="2025-07-21T23:21:58 IST" duration-ms="1" status="PASS">
          <reporter-output>
          </reporter-output>
        </test-method> <!-- navigate -->
        <test-method signature="testSortProducts()[pri:0, instance:ecom.Tests.productsTest@1a04f701]" started-at="2025-07-21T23:21:58 IST" name="testSortProducts" finished-at="2025-07-21T23:21:58 IST" duration-ms="1" status="PASS">
          <reporter-output>
          </reporter-output>
        </test-method> <!-- testSortProducts -->
        <test-method signature="testViewProductDetails()[pri:0, instance:ecom.Tests.productsTest@1a04f701]" started-at="2025-07-21T23:21:58 IST" name="testViewProductDetails" finished-at="2025-07-21T23:21:58 IST" duration-ms="0" status="FAIL">
          <exception class="java.lang.AssertionError">
            <message>
              <![CDATA[expected [4] but found [10]]]>
            </message>
            <full-stacktrace>
              <![CDATA[java.lang.AssertionError: expected [4] but found [10]
at org.testng.Assert.fail(Assert.java:111)
at org.testng.Assert.failNotEquals(Assert.java:1578)
at org.testng.Assert.assertEqualsImpl(Assert.java:150)
at org.testng.Assert.assertEquals(Assert.java:132)
at org.testng.Assert.assertEquals(Assert.java:1419)
at org.testng.Assert.assertEquals(Assert.java:1383)
at org.testng.Assert.assertEquals(Assert.java:1429)
at ecom.Tests.productsTest.testViewProductDetails(productsTest.java:30)
at java.base/jdk.internal.reflect.DirectMethodHandleAccessor.invoke(DirectMethodHandleAccessor.java:104)
at java.base/java.lang.reflect.Method.invoke(Method.java:578)
at org.testng.internal.invokers.MethodInvocationHelper.invokeMethod(MethodInvocationHelper.java:141)
at org.testng.internal.invokers.TestInvoker.invokeMethod(TestInvoker.java:686)
at org.testng.internal.invokers.TestInvoker.invokeTestMethod(TestInvoker.java:230)
at org.testng.internal.invokers.MethodRunner.runInSequence(MethodRunner.java:63)
at org.testng.internal.invokers.TestInvoker$MethodInvocationAgent.invoke(TestInvoker.java:992)
at org.testng.internal.invokers.TestInvoker.invokeTestMethods(TestInvoker.java:203)
at org.testng.internal.invokers.TestMethodWorker.invokeTestMethods(TestMethodWorker.java:154)
at org.testng.internal.invokers.TestMethodWorker.run(TestMethodWorker.java:134)
at java.base/java.util.ArrayList.forEach(ArrayList.java:1511)
at org.testng.TestRunner.privateRun(TestRunner.java:739)
at org.testng.TestRunner.run(TestRunner.java:614)
at org.testng.SuiteRunner.runTest(SuiteRunner.java:421)
at org.testng.SuiteRunner.runSequentially(SuiteRunner.java:413)
at org.testng.SuiteRunner.privateRun(SuiteRunner.java:373)
at org.testng.SuiteRunner.run(SuiteRunner.java:312)
at org.testng.SuiteRunnerWorker.runSuite(SuiteRunnerWorker.java:52)
at org.testng.SuiteRunnerWorker.run(SuiteRunnerWorker.java:95)
at org.testng.TestNG.runSuitesSequentially(TestNG.java:1274)
at org.testng.TestNG.runSuitesLocally(TestNG.java:1208)
at org.testng.TestNG.runSuites(TestNG.java:1112)
at org.testng.TestNG.run(TestNG.java:1079)
at org.apache.maven.surefire.testng.TestNGExecutor.run(TestNGExecutor.java:135)
at org.apache.maven.surefire.testng.TestNGDirectoryTestSuite.executeMulti(TestNGDirectoryTestSuite.java:193)
at org.apache.maven.surefire.testng.TestNGDirectoryTestSuite.execute(TestNGDirectoryTestSuite.java:94)
at org.apache.maven.surefire.testng.TestNGProvider.invoke(TestNGProvider.java:146)
at org.apache.maven.surefire.booter.ForkedBooter.invokeProviderInSameClassLoader(ForkedBooter.java:384)
at org.apache.maven.surefire.booter.ForkedBooter.runSuitesInProcess(ForkedBooter.java:345)
at org.apache.maven.surefire.booter.ForkedBooter.execute(ForkedBooter.java:126)
at org.apache.maven.surefire.booter.ForkedBooter.main(ForkedBooter.java:418)
]]>
            </full-stacktrace>
          </exception> <!-- java.lang.AssertionError -->
          <reporter-output>
          </reporter-output>
        </test-method> <!-- testViewProductDetails -->
        <test-method is-config="true" signature="navigate()[pri:0, instance:ecom.Tests.productsTest@1a04f701]" started-at="2025-07-21T23:21:58 IST" name="navigate" finished-at="2025-07-21T23:21:58 IST" duration-ms="0" status="PASS">
          <reporter-output>
          </reporter-output>
        </test-method> <!-- navigate -->
        <test-method is-config="true" signature="tearDown()[pri:0, instance:ecom.Tests.productsTest@1a04f701]" started-at="2025-07-21T23:21:58 IST" name="tearDown" finished-at="2025-07-21T23:21:59 IST" duration-ms="375" status="PASS">
          <reporter-output>
          </reporter-output>
        </test-method> <!-- tearDown -->
      </class> <!-- ecom.Tests.productsTest -->
      <class name="ecom.Tests.LoginTest">
        <test-method is-config="true" signature="setUp()[pri:0, instance:ecom.Tests.LoginTest@2f112965]" started-at="2025-07-21T23:21:52 IST" name="setUp" finished-at="2025-07-21T23:21:55 IST" duration-ms="3022" status="PASS">
          <reporter-output>
          </reporter-output>
        </test-method> <!-- setUp -->
        <test-method is-config="true" signature="navigate()[pri:0, instance:ecom.Tests.LoginTest@2f112965]" started-at="2025-07-21T23:21:55 IST" name="navigate" finished-at="2025-07-21T23:21:55 IST" duration-ms="4" status="PASS">
          <reporter-output>
          </reporter-output>
        </test-method> <!-- navigate -->
        <test-method signature="invalidLogin()[pri:0, instance:ecom.Tests.LoginTest@2f112965]" started-at="2025-07-21T23:21:55 IST" name="invalidLogin" finished-at="2025-07-21T23:21:55 IST" duration-ms="1" status="PASS">
          <reporter-output>
          </reporter-output>
        </test-method> <!-- invalidLogin -->
        <test-method is-config="true" signature="navigate()[pri:0, instance:ecom.Tests.LoginTest@2f112965]" started-at="2025-07-21T23:21:55 IST" name="navigate" finished-at="2025-07-21T23:21:55 IST" duration-ms="48" status="PASS">
          <reporter-output>
          </reporter-output>
        </test-method> <!-- navigate -->
        <test-method signature="invalidLogin2()[pri:0, instance:ecom.Tests.LoginTest@2f112965]" started-at="2025-07-21T23:21:55 IST" name="invalidLogin2" finished-at="2025-07-21T23:21:55 IST" duration-ms="21" status="PASS">
          <reporter-output>
          </reporter-output>
        </test-method> <!-- invalidLogin2 -->
        <test-method signature="validLogin()[pri:0, instance:ecom.Tests.LoginTest@2f112965]" started-at="2025-07-21T23:21:55 IST" name="validLogin" finished-at="2025-07-21T23:21:55 IST" duration-ms="11" status="PASS">
          <reporter-output>
          </reporter-output>
        </test-method> <!-- validLogin -->
        <test-method signature="invalidLogin3()[pri:0, instance:ecom.Tests.LoginTest@2f112965]" started-at="2025-07-21T23:21:55 IST" name="invalidLogin3" finished-at="2025-07-21T23:21:55 IST" duration-ms="0" status="PASS">
          <reporter-output>
          </reporter-output>
        </test-method> <!-- invalidLogin3 -->
        <test-method is-config="true" signature="navigate()[pri:0, instance:ecom.Tests.LoginTest@2f112965]" started-at="2025-07-21T23:21:55 IST" name="navigate" finished-at="2025-07-21T23:21:55 IST" duration-ms="0" status="PASS">
          <reporter-output>
          </reporter-output>
        </test-method> <!-- navigate -->
        <test-method is-config="true" signature="navigate()[pri:0, instance:ecom.Tests.LoginTest@2f112965]" started-at="2025-07-21T23:21:55 IST" name="navigate" finished-at="2025-07-21T23:21:55 IST" duration-ms="0" status="PASS">
          <reporter-output>
          </reporter-output>
        </test-method> <!-- navigate -->
        <test-method is-config="true" signature="navigate()[pri:0, instance:ecom.Tests.LoginTest@2f112965]" started-at="2025-07-21T23:21:55 IST" name="navigate" finished-at="2025-07-21T23:21:55 IST" duration-ms="1" status="PASS">
          <reporter-output>
          </reporter-output>
        </test-method> <!-- navigate -->
        <test-method signature="validLogin2()[pri:0, instance:ecom.Tests.LoginTest@2f112965]" started-at="2025-07-21T23:21:55 IST" name="validLogin2" finished-at="2025-07-21T23:21:55 IST" duration-ms="4" status="PASS">
          <reporter-output>
          </reporter-output>
        </test-method> <!-- validLogin2 -->
        <test-method signature="validLogin3()[pri:0, instance:ecom.Tests.LoginTest@2f112965]" started-at="2025-07-21T23:21:55 IST" name="validLogin3" finished-at="2025-07-21T23:21:55 IST" duration-ms="1" status="PASS">
          <reporter-output>
          </reporter-output>
        </test-method> <!-- validLogin3 -->
        <test-method is-config="true" signature="navigate()[pri:0, instance:ecom.Tests.LoginTest@2f112965]" started-at="2025-07-21T23:21:55 IST" name="navigate" finished-at="2025-07-21T23:21:55 IST" duration-ms="0" status="PASS">
          <reporter-output>
          </reporter-output>
        </test-method> <!-- navigate -->
        <test-method is-config="true" signature="tearDown()[pri:0, instance:ecom.Tests.LoginTest@2f112965]" started-at="2025-07-21T23:21:55 IST" name="tearDown" finished-at="2025-07-21T23:21:56 IST" duration-ms="336" status="PASS">
          <reporter-output>
          </reporter-output>
        </test-method> <!-- tearDown -->
      </class> <!-- ecom.Tests.LoginTest -->
      <class name="ecom.Tests.cartTest">
        <test-method is-config="true" signature="setUp()[pri:0, instance:ecom.Tests.cartTest@63a65a25]" started-at="2025-07-21T23:21:45 IST" name="setUp" finished-at="2025-07-21T23:21:52 IST" duration-ms="7127" status="PASS">
          <reporter-output>
          </reporter-output>
        </test-method> <!-- setUp -->
        <test-method is-config="true" signature="navigate()[pri:0, instance:ecom.Tests.cartTest@63a65a25]" started-at="2025-07-21T23:21:52 IST" name="navigate" finished-at="2025-07-21T23:21:52 IST" duration-ms="1" status="PASS">
          <reporter-output>
          </reporter-output>
        </test-method> <!-- navigate -->
        <test-method signature="testAddItemToCart()[pri:0, instance:ecom.Tests.cartTest@63a65a25]" started-at="2025-07-21T23:21:52 IST" name="testAddItemToCart" finished-at="2025-07-21T23:21:52 IST" duration-ms="7" status="PASS">
          <reporter-output>
          </reporter-output>
        </test-method> <!-- testAddItemToCart -->
        <test-method signature="testCartIsEmpty()[pri:0, instance:ecom.Tests.cartTest@63a65a25]" started-at="2025-07-21T23:21:52 IST" name="testCartIsEmpty" finished-at="2025-07-21T23:21:52 IST" duration-ms="1" status="PASS">
          <reporter-output>
          </reporter-output>
        </test-method> <!-- testCartIsEmpty -->
        <test-method is-config="true" signature="navigate()[pri:0, instance:ecom.Tests.cartTest@63a65a25]" started-at="2025-07-21T23:21:52 IST" name="navigate" finished-at="2025-07-21T23:21:52 IST" duration-ms="0" status="PASS">
          <reporter-output>
          </reporter-output>
        </test-method> <!-- navigate -->
        <test-method signature="testCartItemCount()[pri:0, instance:ecom.Tests.cartTest@63a65a25]" started-at="2025-07-21T23:21:52 IST" name="testCartItemCount" finished-at="2025-07-21T23:21:52 IST" duration-ms="0" status="PASS">
          <reporter-output>
          </reporter-output>
        </test-method> <!-- testCartItemCount -->
        <test-method signature="testCartTotalCalculation()[pri:0, instance:ecom.Tests.cartTest@63a65a25]" started-at="2025-07-21T23:21:52 IST" name="testCartTotalCalculation" finished-at="2025-07-21T23:21:52 IST" duration-ms="8" status="PASS">
          <reporter-output>
          </reporter-output>
        </test-method> <!-- testCartTotalCalculation -->
        <test-method is-config="true" signature="navigate()[pri:0, instance:ecom.Tests.cartTest@63a65a25]" started-at="2025-07-21T23:21:52 IST" name="navigate" finished-at="2025-07-21T23:21:52 IST" duration-ms="0" status="PASS">
          <reporter-output>
          </reporter-output>
        </test-method> <!-- navigate -->
        <test-method is-config="true" signature="navigate()[pri:0, instance:ecom.Tests.cartTest@63a65a25]" started-at="2025-07-21T23:21:52 IST" name="navigate" finished-at="2025-07-21T23:21:52 IST" duration-ms="0" status="PASS">
          <reporter-output>
          </reporter-output>
        </test-method> <!-- navigate -->
        <test-method signature="testRemoveItemFromCart()[pri:0, instance:ecom.Tests.cartTest@63a65a25]" started-at="2025-07-21T23:21:52 IST" name="testRemoveItemFromCart" finished-at="2025-07-21T23:21:52 IST" duration-ms="1" status="PASS">
          <reporter-output>
          </reporter-output>
        </test-method> <!-- testRemoveItemFromCart -->
        <test-method is-config="true" signature="navigate()[pri:0, instance:ecom.Tests.cartTest@63a65a25]" started-at="2025-07-21T23:21:52 IST" name="navigate" finished-at="2025-07-21T23:21:52 IST" duration-ms="0" status="PASS">
          <reporter-output>
          </reporter-output>
        </test-method> <!-- navigate -->
        <test-method is-config="true" signature="tearDown()[pri:0, instance:ecom.Tests.cartTest@63a65a25]" started-at="2025-07-21T23:21:52 IST" name="tearDown" finished-at="2025-07-21T23:21:52 IST" duration-ms="265" status="PASS">
          <reporter-output>
          </reporter-output>
        </test-method> <!-- tearDown -->
      </class> <!-- ecom.Tests.cartTest -->
      <class name="ecom.Tests.RegistrationTest">
        <test-method is-config="true" signature="setUp()[pri:0, instance:ecom.Tests.RegistrationTest@4e91d63f]" started-at="2025-07-21T23:21:59 IST" name="setUp" finished-at="2025-07-21T23:22:02 IST" duration-ms="2961" status="PASS">
          <reporter-output>
          </reporter-output>
        </test-method> <!-- setUp -->
        <test-method is-config="true" signature="navigate()[pri:0, instance:ecom.Tests.RegistrationTest@4e91d63f]" started-at="2025-07-21T23:22:02 IST" name="navigate" finished-at="2025-07-21T23:22:02 IST" duration-ms="1" status="PASS">
          <reporter-output>
          </reporter-output>
        </test-method> <!-- navigate -->
        <test-method signature="validReg()[pri:0, instance:ecom.Tests.RegistrationTest@4e91d63f]" started-at="2025-07-21T23:22:02 IST" name="validReg" finished-at="2025-07-21T23:22:02 IST" duration-ms="0" status="PASS">
          <reporter-output>
          </reporter-output>
        </test-method> <!-- validReg -->
        <test-method signature="validReg2()[pri:0, instance:ecom.Tests.RegistrationTest@4e91d63f]" started-at="2025-07-21T23:22:02 IST" name="validReg2" finished-at="2025-07-21T23:22:02 IST" duration-ms="1" status="PASS">
          <reporter-output>
          </reporter-output>
        </test-method> <!-- validReg2 -->
        <test-method is-config="true" signature="navigate()[pri:0, instance:ecom.Tests.RegistrationTest@4e91d63f]" started-at="2025-07-21T23:22:02 IST" name="navigate" finished-at="2025-07-21T23:22:02 IST" duration-ms="0" status="PASS">
          <reporter-output>
          </reporter-output>
        </test-method> <!-- navigate -->
        <test-method is-config="true" signature="navigate()[pri:0, instance:ecom.Tests.RegistrationTest@4e91d63f]" started-at="2025-07-21T23:22:02 IST" name="navigate" finished-at="2025-07-21T23:22:02 IST" duration-ms="1" status="PASS">
          <reporter-output>
          </reporter-output>
        </test-method> <!-- navigate -->
        <test-method signature="validReg3()[pri:0, instance:ecom.Tests.RegistrationTest@4e91d63f]" started-at="2025-07-21T23:22:02 IST" name="validReg3" finished-at="2025-07-21T23:22:02 IST" duration-ms="0" status="PASS">
          <reporter-output>
          </reporter-output>
        </test-method> <!-- validReg3 -->
        <test-method signature="validReg4()[pri:0, instance:ecom.Tests.RegistrationTest@4e91d63f]" started-at="2025-07-21T23:22:02 IST" name="validReg4" finished-at="2025-07-21T23:22:02 IST" duration-ms="1" status="PASS">
          <reporter-output>
          </reporter-output>
        </test-method> <!-- validReg4 -->
        <test-method is-config="true" signature="navigate()[pri:0, instance:ecom.Tests.RegistrationTest@4e91d63f]" started-at="2025-07-21T23:22:02 IST" name="navigate" finished-at="2025-07-21T23:22:02 IST" duration-ms="0" status="PASS">
          <reporter-output>
          </reporter-output>
        </test-method> <!-- navigate -->
        <test-method signature="validReg5()[pri:0, instance:ecom.Tests.RegistrationTest@4e91d63f]" started-at="2025-07-21T23:22:02 IST" name="validReg5" finished-at="2025-07-21T23:22:02 IST" duration-ms="1" status="PASS">
          <reporter-output>
          </reporter-output>
        </test-method> <!-- validReg5 -->
        <test-method is-config="true" signature="navigate()[pri:0, instance:ecom.Tests.RegistrationTest@4e91d63f]" started-at="2025-07-21T23:22:02 IST" name="navigate" finished-at="2025-07-21T23:22:02 IST" duration-ms="0" status="PASS">
          <reporter-output>
          </reporter-output>
        </test-method> <!-- navigate -->
        <test-method is-config="true" signature="navigate()[pri:0, instance:ecom.Tests.RegistrationTest@4e91d63f]" started-at="2025-07-21T23:22:02 IST" name="navigate" finished-at="2025-07-21T23:22:02 IST" duration-ms="3" status="PASS">
          <reporter-output>
          </reporter-output>
        </test-method> <!-- navigate -->
        <test-method signature="validReg6()[pri:0, instance:ecom.Tests.RegistrationTest@4e91d63f]" started-at="2025-07-21T23:22:02 IST" name="validReg6" finished-at="2025-07-21T23:22:02 IST" duration-ms="0" status="PASS">
          <reporter-output>
          </reporter-output>
        </test-method> <!-- validReg6 -->
        <test-method is-config="true" signature="tearDown()[pri:0, instance:ecom.Tests.RegistrationTest@4e91d63f]" started-at="2025-07-21T23:22:02 IST" name="tearDown" finished-at="2025-07-21T23:22:02 IST" duration-ms="334" status="PASS">
          <reporter-output>
          </reporter-output>
        </test-method> <!-- tearDown -->
      </class> <!-- ecom.Tests.RegistrationTest -->
    </test> <!-- Surefire test -->
  </suite> <!-- Surefire suite -->
</testng-results>
