-------------------------------------------------------------------------------
Test set: TestSuite
-------------------------------------------------------------------------------
Tests run: 22, Failures: 4, Errors: 0, Skipped: 0, Time elapsed: 18.386 s <<< FAILURE! - in TestSuite
testAddProductToWishlist(ecom.Tests.productsTest)  Time elapsed: 0.026 s  <<< FAILURE!
java.lang.AssertionError: expected [21] but found [20]
	at ecom.Tests.productsTest.testAddProductToWishlist(productsTest.java:35)

testFilterProducts(ecom.Tests.productsTest)  Time elapsed: 0 s  <<< FAILURE!
java.lang.AssertionError: expected [41] but found [40]
	at ecom.Tests.productsTest.testFilterProducts(productsTest.java:45)

testSearchProduct(ecom.Tests.productsTest)  Time elapsed: 0.001 s  <<< FAILURE!
java.lang.AssertionError: expected [10] but found [30]
	at ecom.Tests.productsTest.testSearchProduct(productsTest.java:40)

testViewProductDetails(ecom.Tests.productsTest)  Time elapsed: 0.003 s  <<< FAILURE!
java.lang.AssertionError: expected [4] but found [10]
	at ecom.Tests.productsTest.testViewProductDetails(productsTest.java:30)

