<?xml version="1.0" encoding="UTF-8"?>
<!-- Generated by org.testng.reporters.JUnitReportReporter -->
<testsuite hostname="TABLET-REDS9MBG" failures="0" tests="5" name="ecom.Tests.cartTest" time="0.018" errors="0" timestamp="2025-07-21T23:22:02 IST" skipped="0">
  <testcase classname="ecom.Tests.cartTest" name="testCartItemCount" time="0.000"/>
  <testcase classname="ecom.Tests.cartTest" name="testRemoveItemFromCart" time="0.001"/>
  <testcase classname="ecom.Tests.cartTest" name="testCartTotalCalculation" time="0.008"/>
  <testcase classname="ecom.Tests.cartTest" name="testCartIsEmpty" time="0.002"/>
  <testcase classname="ecom.Tests.cartTest" name="testAddItemToCart" time="0.007"/>
</testsuite> <!-- ecom.Tests.cartTest -->
