<?xml version="1.0" encoding="UTF-8"?>
<!-- Generated by org.testng.reporters.JUnitReportReporter -->
<testsuite hostname="TABLET-REDS9MBG" failures="0" tests="6" name="ecom.Tests.LoginTest" time="0.091" errors="0" timestamp="2025-07-21T23:22:02 IST" skipped="0">
  <testcase classname="ecom.Tests.LoginTest" name="invalidLogin" time="0.049"/>
  <testcase classname="ecom.Tests.LoginTest" name="validLogin" time="0.012"/>
  <testcase classname="ecom.Tests.LoginTest" name="validLogin2" time="0.008"/>
  <testcase classname="ecom.Tests.LoginTest" name="invalidLogin2" time="0.021"/>
  <testcase classname="ecom.Tests.LoginTest" name="invalidLogin3" time="0.000"/>
  <testcase classname="ecom.Tests.LoginTest" name="validLogin3" time="0.001"/>
</testsuite> <!-- ecom.Tests.LoginTest -->
