<?xml version="1.0" encoding="UTF-8"?>
<!-- Generated by org.testng.reporters.JUnitReportReporter -->
<testsuite hostname="TABLET-REDS9MBG" failures="0" tests="6" name="ecom.Tests.RegistrationTest" time="0.008" errors="0" timestamp="2025-07-21T23:22:02 IST" skipped="0">
  <testcase classname="ecom.Tests.RegistrationTest" name="validReg3" time="0.000"/>
  <testcase classname="ecom.Tests.RegistrationTest" name="validReg6" time="0.003"/>
  <testcase classname="ecom.Tests.RegistrationTest" name="validReg2" time="0.002"/>
  <testcase classname="ecom.Tests.RegistrationTest" name="validReg" time="0.000"/>
  <testcase classname="ecom.Tests.RegistrationTest" name="validReg4" time="0.002"/>
  <testcase classname="ecom.Tests.RegistrationTest" name="validReg5" time="0.001"/>
</testsuite> <!-- ecom.Tests.RegistrationTest -->
